<?xml version="1.0" encoding="UTF-8"?>
<!-- Generated by org.testng.reporters.JUnitReportReporter -->
<testsuite hostname="SRIMAMID-IN" failures="0" tests="2" name="com.crm.qa.testCases.LoginPageTest" time="45.354" errors="0" timestamp="04 May 2021 09:42:08 GMT" skipped="0">
  <testcase classname="com.crm.qa.testCases.LoginPageTest" name="loginPageTitleTest" time="16.797"/>
  <testcase classname="com.crm.qa.testCases.LoginPageTest" name="loginTest" time="28.557"/>
</testsuite> <!-- com.crm.qa.testCases.LoginPageTest -->
