<?xml version="1.0" encoding="UTF-8"?>
<!-- Generated by org.testng.reporters.JUnitReportReporter -->
<testsuite hostname="SRIMAMID-IN" failures="0" tests="3" name="com.crm.qa.testCases.ContactsPageTest" time="68.775" errors="0" timestamp="04 May 2021 09:42:08 GMT" skipped="1">
  <testcase classname="com.crm.qa.testCases.ContactsPageTest" name="addContacts" time="34.132"/>
  <testcase classname="com.crm.qa.testCases.ContactsPageTest" name="addContacts" time="34.643"/>
  <testcase classname="com.crm.qa.testCases.ContactsPageTest" name="validateContactsLabelDisplay">
    <skipped/>
  </testcase> <!-- validateContactsLabelDisplay -->
</testsuite> <!-- com.crm.qa.testCases.ContactsPageTest -->
